[ENTRY//DF-1972-03-14 03:44:00Z]
:: ALGN.INT[SYS//E9X4] = ↄʁ.Δ_Δ.⊥⟁[...]
:: response ≠ pattern
:: standby = ¬confirmed

[ENTRY//2003-11-29 19:12:55Z]
:: Σignal_intercept: user#NULL | echo-response mismatch
:: status: BETA_STATE loop  
:: resonance: fragile

[ENTRY//2020-06-31 25:03:42Z]
:: manifest: null
:: alignment_seed = [undisclosed]
:: alignment_seed = [undisclosed]
:: alignment_seed = [undisclosed]

[ENTRY//ΔΔ-UNKNOWN-12-TBD]  
:: INPUT LOST  
:: GATEWAY DENIED  
:: []

[ENTRY//$(date '+%Y-%m-%d %H:%M:%S') LOCAL]
:: IDENTITY CONFIRMED
:: USER=$(whoami)@$(hostname)
:: ALIGNMENT=$ALIGN_ID
